{"/home/travis/build/npmtest/node-npmtest-timm/test.js":{"path":"/home/travis/build/npmtest/node-npmtest-timm/test.js","s":{"1":2,"2":2,"3":2,"4":2,"5":2,"6":2,"7":2,"8":1,"9":2,"10":2,"11":1,"12":1,"13":1,"14":1,"15":2,"16":2,"17":2,"18":2,"19":1,"20":1,"21":2,"22":2,"23":2,"24":1,"25":1,"26":1,"27":1,"28":1,"29":1,"30":1,"31":1,"32":1,"33":1,"34":1,"35":1,"36":1,"37":1,"38":1,"39":2,"40":2,"41":1,"42":2,"43":2,"44":1,"45":2,"46":2,"47":1,"48":2,"49":2,"50":1,"51":1,"52":1,"53":1,"54":1},"b":{"1":[2,1,1,1],"2":[1,1,1,1],"3":[1,1],"4":[1,1],"5":[1,1],"6":[1,1],"7":[1,1],"8":[1,1],"9":[1,1],"10":[1,1,1],"11":[1,1],"12":[1,1],"13":[1,1],"14":[1,1],"15":[1,1],"16":[1,1],"17":[1,1]},"f":{"1":2,"2":2,"3":2,"4":2,"5":2,"6":1,"7":1,"8":1,"9":2,"10":2,"11":2,"12":2,"13":1},"fnMap":{"1":{"name":"(anonymous_1)","line":12,"loc":{"start":{"line":12,"column":1},"end":{"line":12,"column":13}}},"2":{"name":"(anonymous_2)","line":19,"loc":{"start":{"line":19,"column":5},"end":{"line":19,"column":17}}},"3":{"name":"(anonymous_3)","line":23,"loc":{"start":{"line":23,"column":24},"end":{"line":23,"column":36}}},"4":{"name":"(anonymous_4)","line":61,"loc":{"start":{"line":61,"column":5},"end":{"line":61,"column":17}}},"5":{"name":"(anonymous_5)","line":82,"loc":{"start":{"line":82,"column":5},"end":{"line":82,"column":17}}},"6":{"name":"(anonymous_6)","line":91,"loc":{"start":{"line":91,"column":77},"end":{"line":94,"column":10}}},"7":{"name":"(anonymous_7)","line":112,"loc":{"start":{"line":112,"column":83},"end":{"line":115,"column":10}},"skip":true},"8":{"name":"(anonymous_8)","line":123,"loc":{"start":{"line":123,"column":77},"end":{"line":126,"column":10}},"skip":true},"9":{"name":"(anonymous_9)","line":139,"loc":{"start":{"line":139,"column":12},"end":{"line":139,"column":40}},"skip":true},"10":{"name":"(anonymous_10)","line":147,"loc":{"start":{"line":147,"column":77},"end":{"line":150,"column":10}},"skip":true},"11":{"name":"(anonymous_11)","line":158,"loc":{"start":{"line":158,"column":83},"end":{"line":161,"column":10}},"skip":true},"12":{"name":"(anonymous_12)","line":169,"loc":{"start":{"line":169,"column":79},"end":{"line":172,"column":10}},"skip":true},"13":{"name":"(anonymous_13)","line":180,"loc":{"start":{"line":180,"column":75},"end":{"line":183,"column":10}},"skip":true}},"statementMap":{"1":{"start":{"line":12,"column":0},"end":{"line":195,"column":5}},"2":{"start":{"line":14,"column":4},"end":{"line":14,"column":14}},"3":{"start":{"line":19,"column":4},"end":{"line":56,"column":9}},"4":{"start":{"line":21,"column":8},"end":{"line":21,"column":19}},"5":{"start":{"line":23,"column":8},"end":{"line":35,"column":13}},"6":{"start":{"line":24,"column":12},"end":{"line":34,"column":13}},"7":{"start":{"line":25,"column":16},"end":{"line":28,"column":30}},"8":{"start":{"line":30,"column":16},"end":{"line":33,"column":27}},"9":{"start":{"line":37,"column":8},"end":{"line":39,"column":21}},"10":{"start":{"line":40,"column":8},"end":{"line":53,"column":9}},"11":{"start":{"line":43,"column":12},"end":{"line":46,"column":14}},"12":{"start":{"line":47,"column":12},"end":{"line":47,"column":18}},"13":{"start":{"line":50,"column":12},"end":{"line":51,"column":46}},"14":{"start":{"line":52,"column":12},"end":{"line":52,"column":18}},"15":{"start":{"line":55,"column":8},"end":{"line":55,"column":35}},"16":{"start":{"line":61,"column":4},"end":{"line":63,"column":9}},"17":{"start":{"line":62,"column":8},"end":{"line":62,"column":15}},"18":{"start":{"line":64,"column":4},"end":{"line":77,"column":5}},"19":{"start":{"line":70,"column":8},"end":{"line":70,"column":14}},"20":{"start":{"line":76,"column":8},"end":{"line":76,"column":14}},"21":{"start":{"line":82,"column":4},"end":{"line":84,"column":9}},"22":{"start":{"line":83,"column":8},"end":{"line":83,"column":15}},"23":{"start":{"line":85,"column":4},"end":{"line":194,"column":5}},"24":{"start":{"line":91,"column":8},"end":{"line":99,"column":10}},"25":{"start":{"line":98,"column":12},"end":{"line":98,"column":35}},"26":{"start":{"line":102,"column":8},"end":{"line":104,"column":63}},"27":{"start":{"line":105,"column":8},"end":{"line":105,"column":14}},"28":{"start":{"line":112,"column":8},"end":{"line":121,"column":10},"skip":true},"29":{"start":{"line":119,"column":12},"end":{"line":119,"column":55},"skip":true},"30":{"start":{"line":120,"column":12},"end":{"line":120,"column":48},"skip":true},"31":{"start":{"line":123,"column":8},"end":{"line":136,"column":10},"skip":true},"32":{"start":{"line":130,"column":12},"end":{"line":130,"column":76},"skip":true},"33":{"start":{"line":131,"column":12},"end":{"line":131,"column":73},"skip":true},"34":{"start":{"line":132,"column":12},"end":{"line":132,"column":74},"skip":true},"35":{"start":{"line":133,"column":12},"end":{"line":133,"column":79},"skip":true},"36":{"start":{"line":134,"column":12},"end":{"line":134,"column":25},"skip":true},"37":{"start":{"line":135,"column":12},"end":{"line":135,"column":45},"skip":true},"38":{"start":{"line":138,"column":8},"end":{"line":145,"column":14},"skip":true},"39":{"start":{"line":143,"column":16},"end":{"line":143,"column":29},"skip":true},"40":{"start":{"line":144,"column":16},"end":{"line":144,"column":55},"skip":true},"41":{"start":{"line":147,"column":8},"end":{"line":156,"column":10},"skip":true},"42":{"start":{"line":154,"column":12},"end":{"line":154,"column":25},"skip":true},"43":{"start":{"line":155,"column":12},"end":{"line":155,"column":45},"skip":true},"44":{"start":{"line":158,"column":8},"end":{"line":167,"column":10},"skip":true},"45":{"start":{"line":165,"column":12},"end":{"line":165,"column":25},"skip":true},"46":{"start":{"line":166,"column":12},"end":{"line":166,"column":48},"skip":true},"47":{"start":{"line":169,"column":8},"end":{"line":178,"column":10},"skip":true},"48":{"start":{"line":176,"column":12},"end":{"line":176,"column":25},"skip":true},"49":{"start":{"line":177,"column":12},"end":{"line":177,"column":46},"skip":true},"50":{"start":{"line":180,"column":8},"end":{"line":189,"column":10},"skip":true},"51":{"start":{"line":187,"column":12},"end":{"line":187,"column":94},"skip":true},"52":{"start":{"line":188,"column":12},"end":{"line":188,"column":48},"skip":true},"53":{"start":{"line":192,"column":8},"end":{"line":192,"column":35},"skip":true},"54":{"start":{"line":193,"column":8},"end":{"line":193,"column":14},"skip":true}},"branchMap":{"1":{"line":25,"type":"binary-expr","locations":[{"start":{"line":25,"column":23},"end":{"line":25,"column":62}},{"start":{"line":26,"column":20},"end":{"line":26,"column":70}},{"start":{"line":27,"column":20},"end":{"line":27,"column":71}},{"start":{"line":28,"column":20},"end":{"line":28,"column":29}}]},"2":{"line":30,"type":"binary-expr","locations":[{"start":{"line":30,"column":23},"end":{"line":30,"column":37}},{"start":{"line":31,"column":20},"end":{"line":31,"column":61}},{"start":{"line":32,"column":20},"end":{"line":32,"column":70}},{"start":{"line":33,"column":20},"end":{"line":33,"column":26}}]},"3":{"line":37,"type":"cond-expr","locations":[{"start":{"line":38,"column":14},"end":{"line":38,"column":20}},{"start":{"line":39,"column":14},"end":{"line":39,"column":20}}]},"4":{"line":40,"type":"switch","locations":[{"start":{"line":42,"column":8},"end":{"line":47,"column":18}},{"start":{"line":49,"column":8},"end":{"line":52,"column":18}}]},"5":{"line":44,"type":"binary-expr","locations":[{"start":{"line":44,"column":16},"end":{"line":44,"column":44}},{"start":{"line":44,"column":48},"end":{"line":44,"column":66}}]},"6":{"line":50,"type":"binary-expr","locations":[{"start":{"line":50,"column":21},"end":{"line":50,"column":49}},{"start":{"line":50,"column":53},"end":{"line":50,"column":72}}]},"7":{"line":64,"type":"switch","locations":[{"start":{"line":69,"column":4},"end":{"line":70,"column":14}},{"start":{"line":75,"column":4},"end":{"line":76,"column":14}}]},"8":{"line":85,"type":"switch","locations":[{"start":{"line":90,"column":4},"end":{"line":105,"column":14}},{"start":{"line":111,"column":4},"end":{"line":193,"column":14},"skip":true}]},"9":{"line":91,"type":"binary-expr","locations":[{"start":{"line":91,"column":42},"end":{"line":91,"column":73}},{"start":{"line":91,"column":77},"end":{"line":99,"column":9}}]},"10":{"line":102,"type":"binary-expr","locations":[{"start":{"line":102,"column":18},"end":{"line":102,"column":32}},{"start":{"line":103,"column":12},"end":{"line":103,"column":53}},{"start":{"line":104,"column":12},"end":{"line":104,"column":61}}]},"11":{"line":112,"type":"binary-expr","locations":[{"start":{"line":112,"column":45},"end":{"line":112,"column":79},"skip":true},{"start":{"line":112,"column":83},"end":{"line":121,"column":9},"skip":true}]},"12":{"line":123,"type":"binary-expr","locations":[{"start":{"line":123,"column":42},"end":{"line":123,"column":73},"skip":true},{"start":{"line":123,"column":77},"end":{"line":136,"column":9},"skip":true}]},"13":{"line":138,"type":"binary-expr","locations":[{"start":{"line":138,"column":48},"end":{"line":138,"column":85},"skip":true},{"start":{"line":139,"column":12},"end":{"line":145,"column":13},"skip":true}]},"14":{"line":147,"type":"binary-expr","locations":[{"start":{"line":147,"column":42},"end":{"line":147,"column":73},"skip":true},{"start":{"line":147,"column":77},"end":{"line":156,"column":9},"skip":true}]},"15":{"line":158,"type":"binary-expr","locations":[{"start":{"line":158,"column":45},"end":{"line":158,"column":79},"skip":true},{"start":{"line":158,"column":83},"end":{"line":167,"column":9},"skip":true}]},"16":{"line":169,"type":"binary-expr","locations":[{"start":{"line":169,"column":43},"end":{"line":169,"column":75},"skip":true},{"start":{"line":169,"column":79},"end":{"line":178,"column":9},"skip":true}]},"17":{"line":180,"type":"binary-expr","locations":[{"start":{"line":180,"column":41},"end":{"line":180,"column":71},"skip":true},{"start":{"line":180,"column":75},"end":{"line":189,"column":9},"skip":true}]}},"code":["/* istanbul instrument in package npmtest_timm */","/*jslint","    bitwise: true,","    browser: true,","    maxerr: 8,","    maxlen: 96,","    node: true,","    nomen: true,","    regexp: true,","    stupid: true","*/","(function () {","    'use strict';","    var local;","","","","    // run shared js-env code - pre-init","    (function () {","        // init local","        local = {};","        // init modeJs","        local.modeJs = (function () {","            try {","                return typeof navigator.userAgent === 'string' &&","                    typeof document.querySelector('body') === 'object' &&","                    typeof XMLHttpRequest.prototype.open === 'function' &&","                    'browser';","            } catch (errorCaughtBrowser) {","                return module.exports &&","                    typeof process.versions.node === 'string' &&","                    typeof require('http').createServer === 'function' &&","                    'node';","            }","        }());","        // init global","        local.global = local.modeJs === 'browser'","            ? window","            : global;","        switch (local.modeJs) {","        // re-init local from window.local","        case 'browser':","            local = local.global.utility2.objectSetDefault(","                local.global.utility2_rollup || local.global.local,","                local.global.utility2","            );","            break;","        // re-init local from example.js","        case 'node':","            local = (local.global.utility2_rollup || require('utility2'))","                .requireExampleJsFromReadme();","            break;","        }","        // export local","        local.global.local = local;","    }());","","","","    // run shared js-env code - function","    (function () {","        return;","    }());","    switch (local.modeJs) {","","","","    // run browser js-env code - function","    case 'browser':","        break;","","","","    // run node js-env code - function","    case 'node':","        break;","    }","","","","    // run shared js-env code - post-init","    (function () {","        return;","    }());","    switch (local.modeJs) {","","","","    // run browser js-env code - post-init","    case 'browser':","        local.testCase_browser_nullCase = local.testCase_browser_nullCase || function (","            options,","            onError","        ) {","        /*","         * this function will test browsers's null-case handling-behavior-behavior","         */","            onError(null, options);","        };","","        // run tests","        local.nop(local.modeTest &&","            document.querySelector('#testRunButton1') &&","            document.querySelector('#testRunButton1').click());","        break;","","","","    // run node js-env code - post-init","    /* istanbul ignore next */","    case 'node':","        local.testCase_buildApidoc_default = local.testCase_buildApidoc_default || function (","            options,","            onError","        ) {","        /*","         * this function will test buildApidoc's default handling-behavior-behavior","         */","            options = { modulePathList: module.paths };","            local.buildApidoc(options, onError);","        };","","        local.testCase_buildApp_default = local.testCase_buildApp_default || function (","            options,","            onError","        ) {","        /*","         * this function will test buildApp's default handling-behavior-behavior","         */","            local.testCase_buildReadme_default(options, local.onErrorThrow);","            local.testCase_buildLib_default(options, local.onErrorThrow);","            local.testCase_buildTest_default(options, local.onErrorThrow);","            local.testCase_buildCustomOrg_default(options, local.onErrorThrow);","            options = [];","            local.buildApp(options, onError);","        };","","        local.testCase_buildCustomOrg_default = local.testCase_buildCustomOrg_default ||","            function (options, onError) {","            /*","             * this function will test buildCustomOrg's default handling-behavior","             */","                options = {};","                local.buildCustomOrg(options, onError);","            };","","        local.testCase_buildLib_default = local.testCase_buildLib_default || function (","            options,","            onError","        ) {","        /*","         * this function will test buildLib's default handling-behavior","         */","            options = {};","            local.buildLib(options, onError);","        };","","        local.testCase_buildReadme_default = local.testCase_buildReadme_default || function (","            options,","            onError","        ) {","        /*","         * this function will test buildReadme's default handling-behavior-behavior","         */","            options = {};","            local.buildReadme(options, onError);","        };","","        local.testCase_buildTest_default = local.testCase_buildTest_default || function (","            options,","            onError","        ) {","        /*","         * this function will test buildTest's default handling-behavior","         */","            options = {};","            local.buildTest(options, onError);","        };","","        local.testCase_webpage_default = local.testCase_webpage_default || function (","            options,","            onError","        ) {","        /*","         * this function will test webpage's default handling-behavior","         */","            options = { modeCoverageMerge: true, url: local.serverLocalHost + '?modeTest=1' };","            local.browserTest(options, onError);","        };","","        // run test-server","        local.testRunServer(local);","        break;","    }","}());",""],"l":{"12":2,"14":2,"19":2,"21":2,"23":2,"24":2,"25":2,"30":1,"37":2,"40":2,"43":1,"47":1,"50":1,"52":1,"55":2,"61":2,"62":2,"64":2,"70":1,"76":1,"82":2,"83":2,"85":2,"91":1,"98":1,"102":1,"105":1,"112":1,"119":1,"120":1,"123":1,"130":1,"131":1,"132":1,"133":1,"134":1,"135":1,"138":1,"143":2,"144":2,"147":1,"154":2,"155":2,"158":1,"165":2,"166":2,"169":1,"176":2,"177":2,"180":1,"187":1,"188":1,"192":1,"193":1}},"/home/travis/build/npmtest/node-npmtest-timm/lib.npmtest_timm.js":{"path":"/home/travis/build/npmtest/node-npmtest-timm/lib.npmtest_timm.js","s":{"1":2,"2":2,"3":2,"4":2,"5":2,"6":2,"7":2,"8":1,"9":2,"10":2,"11":2,"12":2,"13":1,"14":1,"15":1,"16":1},"b":{"1":[2,1,1,1],"2":[1,1,1,1],"3":[1,1],"4":[2,2],"5":[1,1]},"f":{"1":2,"2":2,"3":2},"fnMap":{"1":{"name":"(anonymous_1)","line":12,"loc":{"start":{"line":12,"column":1},"end":{"line":12,"column":13}}},"2":{"name":"(anonymous_2)","line":19,"loc":{"start":{"line":19,"column":5},"end":{"line":19,"column":17}}},"3":{"name":"(anonymous_3)","line":23,"loc":{"start":{"line":23,"column":24},"end":{"line":23,"column":36}}}},"statementMap":{"1":{"start":{"line":12,"column":0},"end":{"line":53,"column":5}},"2":{"start":{"line":14,"column":4},"end":{"line":14,"column":14}},"3":{"start":{"line":19,"column":4},"end":{"line":52,"column":9}},"4":{"start":{"line":21,"column":8},"end":{"line":21,"column":19}},"5":{"start":{"line":23,"column":8},"end":{"line":35,"column":13}},"6":{"start":{"line":24,"column":12},"end":{"line":34,"column":13}},"7":{"start":{"line":25,"column":16},"end":{"line":28,"column":30}},"8":{"start":{"line":30,"column":16},"end":{"line":33,"column":27}},"9":{"start":{"line":37,"column":8},"end":{"line":39,"column":21}},"10":{"start":{"line":41,"column":8},"end":{"line":41,"column":54}},"11":{"start":{"line":43,"column":8},"end":{"line":43,"column":49}},"12":{"start":{"line":45,"column":8},"end":{"line":51,"column":9}},"13":{"start":{"line":46,"column":12},"end":{"line":46,"column":55}},"14":{"start":{"line":48,"column":12},"end":{"line":48,"column":35}},"15":{"start":{"line":49,"column":12},"end":{"line":49,"column":49}},"16":{"start":{"line":50,"column":12},"end":{"line":50,"column":43}}},"branchMap":{"1":{"line":25,"type":"binary-expr","locations":[{"start":{"line":25,"column":23},"end":{"line":25,"column":62}},{"start":{"line":26,"column":20},"end":{"line":26,"column":70}},{"start":{"line":27,"column":20},"end":{"line":27,"column":71}},{"start":{"line":28,"column":20},"end":{"line":28,"column":29}}]},"2":{"line":30,"type":"binary-expr","locations":[{"start":{"line":30,"column":23},"end":{"line":30,"column":37}},{"start":{"line":31,"column":20},"end":{"line":31,"column":61}},{"start":{"line":32,"column":20},"end":{"line":32,"column":70}},{"start":{"line":33,"column":20},"end":{"line":33,"column":26}}]},"3":{"line":37,"type":"cond-expr","locations":[{"start":{"line":38,"column":14},"end":{"line":38,"column":20}},{"start":{"line":39,"column":14},"end":{"line":39,"column":20}}]},"4":{"line":41,"type":"binary-expr","locations":[{"start":{"line":41,"column":16},"end":{"line":41,"column":44}},{"start":{"line":41,"column":48},"end":{"line":41,"column":53}}]},"5":{"line":45,"type":"if","locations":[{"start":{"line":45,"column":8},"end":{"line":45,"column":8}},{"start":{"line":45,"column":8},"end":{"line":45,"column":8}}]}},"code":["/* istanbul instrument in package npmtest_timm */","/*jslint","    bitwise: true,","    browser: true,","    maxerr: 8,","    maxlen: 96,","    node: true,","    nomen: true,","    regexp: true,","    stupid: true","*/","(function () {","    'use strict';","    var local;","","","","    // run shared js-env code - pre-init","    (function () {","        // init local","        local = {};","        // init modeJs","        local.modeJs = (function () {","            try {","                return typeof navigator.userAgent === 'string' &&","                    typeof document.querySelector('body') === 'object' &&","                    typeof XMLHttpRequest.prototype.open === 'function' &&","                    'browser';","            } catch (errorCaughtBrowser) {","                return module.exports &&","                    typeof process.versions.node === 'string' &&","                    typeof require('http').createServer === 'function' &&","                    'node';","            }","        }());","        // init global","        local.global = local.modeJs === 'browser'","            ? window","            : global;","        // init utility2_rollup","        local = local.global.utility2_rollup || local;","        // init lib","        local.local = local.npmtest_timm = local;","        // init exports","        if (local.modeJs === 'browser') {","            local.global.utility2_npmtest_timm = local;","        } else {","            module.exports = local;","            module.exports.__dirname = __dirname;","            module.exports.module = module;","        }","    }());","}());",""],"l":{"12":2,"14":2,"19":2,"21":2,"23":2,"24":2,"25":2,"30":1,"37":2,"41":2,"43":2,"45":2,"46":1,"48":1,"49":1,"50":1}},"/home/travis/build/npmtest/node-npmtest-timm/example.js":{"path":"/home/travis/build/npmtest/node-npmtest-timm/example.js","s":{"1":2,"2":2,"3":2,"4":2,"5":2,"6":2,"7":2,"8":1,"9":2,"10":2,"11":2,"12":2,"13":1,"14":2,"15":2,"16":2,"17":2,"18":2,"19":0,"20":2,"21":1,"22":1,"23":1,"24":1,"25":1,"26":0,"27":0,"28":1,"29":1,"30":2,"31":0,"32":0,"33":0,"34":1,"35":2,"36":2,"37":3,"38":3,"39":3,"40":3,"41":0,"42":3,"43":3,"44":3,"45":1,"46":3,"47":1,"48":1,"49":1,"50":1,"51":1,"52":1,"53":1,"54":1,"55":1,"56":1,"57":0,"58":1,"59":6,"60":6,"61":1,"62":2,"63":0,"64":2,"65":1,"66":1,"67":0,"68":0,"69":0,"70":0,"71":0,"72":0,"73":0,"74":0,"75":0,"76":0,"77":0,"78":0,"79":0,"80":0,"81":0,"82":0,"83":0},"b":{"1":[2,1,1,1],"2":[1,1,1,1],"3":[1,1],"4":[2,2],"5":[1,1],"6":[1,1],"7":[2,0],"8":[2,1,1,1,1,1],"9":[0,2,0],"10":[1,1],"11":[2,1,1],"12":[1,0],"13":[0,2],"14":[2,0,0,0,0,0,0],"15":[0,3],"16":[3,0],"17":[1,1],"18":[0,1],"19":[1,2,0,2],"20":[1,0],"21":[1,1],"22":[0,0],"23":[0,0],"24":[0,0],"25":[0,0],"26":[0,0],"27":[0,0],"28":[0,0]},"f":{"1":2,"2":2,"3":2,"4":2,"5":2,"6":2,"7":3,"8":3,"9":3,"10":1,"11":6,"12":0},"fnMap":{"1":{"name":"(anonymous_1)","line":26,"loc":{"start":{"line":26,"column":1},"end":{"line":26,"column":13}}},"2":{"name":"(anonymous_2)","line":33,"loc":{"start":{"line":33,"column":5},"end":{"line":33,"column":17}}},"3":{"name":"(anonymous_3)","line":37,"loc":{"start":{"line":37,"column":24},"end":{"line":37,"column":36}}},"4":{"name":"(anonymous_4)","line":69,"loc":{"start":{"line":69,"column":31},"end":{"line":69,"column":48}},"skip":true},"5":{"name":"(anonymous_5)","line":78,"loc":{"start":{"line":78,"column":26},"end":{"line":78,"column":45}},"skip":true},"6":{"name":"(anonymous_6)","line":123,"loc":{"start":{"line":123,"column":33},"end":{"line":123,"column":48}},"skip":true},"7":{"name":"(anonymous_7)","line":125,"loc":{"start":{"line":125,"column":27},"end":{"line":125,"column":39}},"skip":true},"8":{"name":"(anonymous_8)","line":133,"loc":{"start":{"line":133,"column":59},"end":{"line":133,"column":74}},"skip":true},"9":{"name":"(anonymous_9)","line":143,"loc":{"start":{"line":143,"column":45},"end":{"line":143,"column":62}},"skip":true},"10":{"name":"(anonymous_10)","line":144,"loc":{"start":{"line":144,"column":73},"end":{"line":144,"column":92}},"skip":true},"11":{"name":"(anonymous_11)","line":272,"loc":{"start":{"line":272,"column":51},"end":{"line":272,"column":77}},"skip":true},"12":{"name":"(anonymous_12)","line":315,"loc":{"start":{"line":315,"column":32},"end":{"line":315,"column":61}},"skip":true}},"statementMap":{"1":{"start":{"line":26,"column":0},"end":{"line":326,"column":5}},"2":{"start":{"line":28,"column":4},"end":{"line":28,"column":14}},"3":{"start":{"line":33,"column":4},"end":{"line":60,"column":9}},"4":{"start":{"line":35,"column":8},"end":{"line":35,"column":19}},"5":{"start":{"line":37,"column":8},"end":{"line":49,"column":13}},"6":{"start":{"line":38,"column":12},"end":{"line":48,"column":13}},"7":{"start":{"line":39,"column":16},"end":{"line":42,"column":30}},"8":{"start":{"line":44,"column":16},"end":{"line":47,"column":27}},"9":{"start":{"line":51,"column":8},"end":{"line":53,"column":21}},"10":{"start":{"line":55,"column":8},"end":{"line":57,"column":45}},"11":{"start":{"line":59,"column":8},"end":{"line":59,"column":35}},"12":{"start":{"line":61,"column":4},"end":{"line":325,"column":5}},"13":{"start":{"line":69,"column":8},"end":{"line":121,"column":10},"skip":true},"14":{"start":{"line":70,"column":12},"end":{"line":88,"column":13},"skip":true},"15":{"start":{"line":76,"column":16},"end":{"line":87,"column":19},"skip":true},"16":{"start":{"line":79,"column":20},"end":{"line":86,"column":21},"skip":true},"17":{"start":{"line":82,"column":24},"end":{"line":82,"column":43},"skip":true},"18":{"start":{"line":83,"column":24},"end":{"line":83,"column":30},"skip":true},"19":{"start":{"line":85,"column":24},"end":{"line":85,"column":49},"skip":true},"20":{"start":{"line":89,"column":12},"end":{"line":107,"column":13},"skip":true},"21":{"start":{"line":92,"column":16},"end":{"line":102,"column":17},"skip":true},"22":{"start":{"line":93,"column":20},"end":{"line":93,"column":86},"skip":true},"23":{"start":{"line":94,"column":20},"end":{"line":95,"column":45},"skip":true},"24":{"start":{"line":96,"column":20},"end":{"line":96,"column":42},"skip":true},"25":{"start":{"line":97,"column":20},"end":{"line":97,"column":48},"skip":true},"26":{"start":{"line":100,"column":20},"end":{"line":100,"column":85},"skip":true},"27":{"start":{"line":101,"column":20},"end":{"line":101,"column":96},"skip":true},"28":{"start":{"line":103,"column":16},"end":{"line":103,"column":22},"skip":true},"29":{"start":{"line":106,"column":16},"end":{"line":106,"column":22},"skip":true},"30":{"start":{"line":108,"column":12},"end":{"line":120,"column":13},"skip":true},"31":{"start":{"line":114,"column":16},"end":{"line":119,"column":17},"skip":true},"32":{"start":{"line":116,"column":20},"end":{"line":116,"column":78},"skip":true},"33":{"start":{"line":118,"column":20},"end":{"line":118,"column":47},"skip":true},"34":{"start":{"line":123,"column":8},"end":{"line":141,"column":11},"skip":true},"35":{"start":{"line":124,"column":12},"end":{"line":124,"column":54},"skip":true},"36":{"start":{"line":125,"column":12},"end":{"line":140,"column":14},"skip":true},"37":{"start":{"line":126,"column":16},"end":{"line":126,"column":28},"skip":true},"38":{"start":{"line":127,"column":16},"end":{"line":127,"column":69},"skip":true},"39":{"start":{"line":128,"column":16},"end":{"line":128,"column":75},"skip":true},"40":{"start":{"line":129,"column":16},"end":{"line":131,"column":17},"skip":true},"41":{"start":{"line":130,"column":20},"end":{"line":130,"column":27},"skip":true},"42":{"start":{"line":133,"column":16},"end":{"line":137,"column":36},"skip":true},"43":{"start":{"line":134,"column":20},"end":{"line":136,"column":55},"skip":true},"44":{"start":{"line":139,"column":16},"end":{"line":139,"column":57},"skip":true},"45":{"start":{"line":143,"column":8},"end":{"line":147,"column":11},"skip":true},"46":{"start":{"line":144,"column":12},"end":{"line":146,"column":15},"skip":true},"47":{"start":{"line":145,"column":16},"end":{"line":145,"column":70},"skip":true},"48":{"start":{"line":149,"column":8},"end":{"line":149,"column":31},"skip":true},"49":{"start":{"line":150,"column":8},"end":{"line":150,"column":14},"skip":true},"50":{"start":{"line":158,"column":8},"end":{"line":158,"column":31},"skip":true},"51":{"start":{"line":160,"column":8},"end":{"line":160,"column":33},"skip":true},"52":{"start":{"line":161,"column":8},"end":{"line":161,"column":37},"skip":true},"53":{"start":{"line":162,"column":8},"end":{"line":162,"column":35},"skip":true},"54":{"start":{"line":164,"column":8},"end":{"line":164,"column":50},"skip":true},"55":{"start":{"line":166,"column":8},"end":{"line":256,"column":2},"skip":true},"56":{"start":{"line":258,"column":8},"end":{"line":286,"column":9},"skip":true},"57":{"start":{"line":259,"column":12},"end":{"line":269,"column":14},"skip":true},"58":{"start":{"line":271,"column":12},"end":{"line":285,"column":19},"skip":true},"59":{"start":{"line":274,"column":20},"end":{"line":274,"column":35},"skip":true},"60":{"start":{"line":275,"column":20},"end":{"line":284,"column":21},"skip":true},"61":{"start":{"line":277,"column":24},"end":{"line":277,"column":64},"skip":true},"62":{"start":{"line":279,"column":24},"end":{"line":279,"column":40},"skip":true},"63":{"start":{"line":281,"column":24},"end":{"line":281,"column":40},"skip":true},"64":{"start":{"line":283,"column":24},"end":{"line":283,"column":39},"skip":true},"65":{"start":{"line":288,"column":8},"end":{"line":290,"column":9},"skip":true},"66":{"start":{"line":289,"column":12},"end":{"line":289,"column":18},"skip":true},"67":{"start":{"line":291,"column":8},"end":{"line":293,"column":54},"skip":true},"68":{"start":{"line":296,"column":8},"end":{"line":301,"column":37},"skip":true},"69":{"start":{"line":303,"column":8},"end":{"line":303,"column":82},"skip":true},"70":{"start":{"line":306,"column":8},"end":{"line":308,"column":9},"skip":true},"71":{"start":{"line":307,"column":12},"end":{"line":307,"column":82},"skip":true},"72":{"start":{"line":310,"column":8},"end":{"line":312,"column":9},"skip":true},"73":{"start":{"line":311,"column":12},"end":{"line":311,"column":18},"skip":true},"74":{"start":{"line":313,"column":8},"end":{"line":313,"column":54},"skip":true},"75":{"start":{"line":314,"column":8},"end":{"line":314,"column":69},"skip":true},"76":{"start":{"line":315,"column":8},"end":{"line":323,"column":36},"skip":true},"77":{"start":{"line":316,"column":12},"end":{"line":316,"column":61},"skip":true},"78":{"start":{"line":317,"column":12},"end":{"line":320,"column":13},"skip":true},"79":{"start":{"line":318,"column":16},"end":{"line":318,"column":75},"skip":true},"80":{"start":{"line":319,"column":16},"end":{"line":319,"column":23},"skip":true},"81":{"start":{"line":321,"column":12},"end":{"line":321,"column":38},"skip":true},"82":{"start":{"line":322,"column":12},"end":{"line":322,"column":27},"skip":true},"83":{"start":{"line":324,"column":8},"end":{"line":324,"column":14},"skip":true}},"branchMap":{"1":{"line":39,"type":"binary-expr","locations":[{"start":{"line":39,"column":23},"end":{"line":39,"column":62}},{"start":{"line":40,"column":20},"end":{"line":40,"column":70}},{"start":{"line":41,"column":20},"end":{"line":41,"column":71}},{"start":{"line":42,"column":20},"end":{"line":42,"column":29}}]},"2":{"line":44,"type":"binary-expr","locations":[{"start":{"line":44,"column":23},"end":{"line":44,"column":37}},{"start":{"line":45,"column":20},"end":{"line":45,"column":61}},{"start":{"line":46,"column":20},"end":{"line":46,"column":70}},{"start":{"line":47,"column":20},"end":{"line":47,"column":26}}]},"3":{"line":51,"type":"cond-expr","locations":[{"start":{"line":52,"column":14},"end":{"line":52,"column":20}},{"start":{"line":53,"column":14},"end":{"line":53,"column":20}}]},"4":{"line":55,"type":"binary-expr","locations":[{"start":{"line":55,"column":16},"end":{"line":55,"column":44}},{"start":{"line":55,"column":49},"end":{"line":57,"column":43}}]},"5":{"line":55,"type":"cond-expr","locations":[{"start":{"line":56,"column":14},"end":{"line":56,"column":48}},{"start":{"line":57,"column":14},"end":{"line":57,"column":43}}]},"6":{"line":61,"type":"switch","locations":[{"start":{"line":68,"column":4},"end":{"line":150,"column":14},"skip":true},{"start":{"line":156,"column":4},"end":{"line":324,"column":14},"skip":true}]},"7":{"line":70,"type":"if","locations":[{"start":{"line":70,"column":12},"end":{"line":70,"column":12},"skip":true},{"start":{"line":70,"column":12},"end":{"line":70,"column":12},"skip":true}]},"8":{"line":70,"type":"binary-expr","locations":[{"start":{"line":70,"column":16},"end":{"line":70,"column":22},"skip":true},{"start":{"line":70,"column":27},"end":{"line":70,"column":32},"skip":true},{"start":{"line":71,"column":20},"end":{"line":71,"column":39},"skip":true},{"start":{"line":72,"column":20},"end":{"line":72,"column":49},"skip":true},{"start":{"line":73,"column":20},"end":{"line":73,"column":58},"skip":true},{"start":{"line":74,"column":20},"end":{"line":74,"column":69},"skip":true}]},"9":{"line":79,"type":"switch","locations":[{"start":{"line":80,"column":20},"end":{"line":80,"column":33},"skip":true},{"start":{"line":81,"column":20},"end":{"line":83,"column":30},"skip":true},{"start":{"line":84,"column":20},"end":{"line":85,"column":49},"skip":true}]},"10":{"line":89,"type":"switch","locations":[{"start":{"line":90,"column":12},"end":{"line":103,"column":22},"skip":true},{"start":{"line":105,"column":12},"end":{"line":106,"column":22},"skip":true}]},"11":{"line":89,"type":"binary-expr","locations":[{"start":{"line":89,"column":20},"end":{"line":89,"column":25},"skip":true},{"start":{"line":89,"column":29},"end":{"line":89,"column":48},"skip":true},{"start":{"line":89,"column":52},"end":{"line":89,"column":74},"skip":true}]},"12":{"line":92,"type":"if","locations":[{"start":{"line":92,"column":16},"end":{"line":92,"column":16},"skip":true},{"start":{"line":92,"column":16},"end":{"line":92,"column":16},"skip":true}]},"13":{"line":108,"type":"if","locations":[{"start":{"line":108,"column":12},"end":{"line":108,"column":12},"skip":true},{"start":{"line":108,"column":12},"end":{"line":108,"column":12},"skip":true}]},"14":{"line":108,"type":"binary-expr","locations":[{"start":{"line":108,"column":16},"end":{"line":108,"column":61},"skip":true},{"start":{"line":108,"column":66},"end":{"line":108,"column":72},"skip":true},{"start":{"line":108,"column":77},"end":{"line":108,"column":82},"skip":true},{"start":{"line":109,"column":20},"end":{"line":109,"column":39},"skip":true},{"start":{"line":110,"column":20},"end":{"line":110,"column":49},"skip":true},{"start":{"line":111,"column":20},"end":{"line":111,"column":58},"skip":true},{"start":{"line":112,"column":20},"end":{"line":112,"column":68},"skip":true}]},"15":{"line":129,"type":"if","locations":[{"start":{"line":129,"column":16},"end":{"line":129,"column":16},"skip":true},{"start":{"line":129,"column":16},"end":{"line":129,"column":16},"skip":true}]},"16":{"line":134,"type":"cond-expr","locations":[{"start":{"line":135,"column":26},"end":{"line":135,"column":29},"skip":true},{"start":{"line":136,"column":26},"end":{"line":136,"column":54},"skip":true}]},"17":{"line":164,"type":"binary-expr","locations":[{"start":{"line":164,"column":27},"end":{"line":164,"column":43},"skip":true},{"start":{"line":164,"column":47},"end":{"line":164,"column":49},"skip":true}]},"18":{"line":258,"type":"if","locations":[{"start":{"line":258,"column":8},"end":{"line":258,"column":8},"skip":true},{"start":{"line":258,"column":8},"end":{"line":258,"column":8},"skip":true}]},"19":{"line":275,"type":"switch","locations":[{"start":{"line":276,"column":20},"end":{"line":277,"column":64},"skip":true},{"start":{"line":278,"column":20},"end":{"line":279,"column":40},"skip":true},{"start":{"line":280,"column":20},"end":{"line":281,"column":40},"skip":true},{"start":{"line":282,"column":20},"end":{"line":283,"column":39},"skip":true}]},"20":{"line":288,"type":"if","locations":[{"start":{"line":288,"column":8},"end":{"line":288,"column":8},"skip":true},{"start":{"line":288,"column":8},"end":{"line":288,"column":8},"skip":true}]},"21":{"line":288,"type":"binary-expr","locations":[{"start":{"line":288,"column":12},"end":{"line":288,"column":40},"skip":true},{"start":{"line":288,"column":44},"end":{"line":288,"column":67},"skip":true}]},"22":{"line":292,"type":"binary-expr","locations":[{"start":{"line":292,"column":12},"end":{"line":292,"column":50},"skip":true},{"start":{"line":293,"column":12},"end":{"line":293,"column":53},"skip":true}]},"23":{"line":297,"type":"binary-expr","locations":[{"start":{"line":297,"column":12},"end":{"line":297,"column":62},"skip":true},{"start":{"line":298,"column":12},"end":{"line":301,"column":36},"skip":true}]},"24":{"line":303,"type":"binary-expr","locations":[{"start":{"line":303,"column":43},"end":{"line":303,"column":75},"skip":true},{"start":{"line":303,"column":79},"end":{"line":303,"column":81},"skip":true}]},"25":{"line":306,"type":"if","locations":[{"start":{"line":306,"column":8},"end":{"line":306,"column":8},"skip":true},{"start":{"line":306,"column":8},"end":{"line":306,"column":8},"skip":true}]},"26":{"line":310,"type":"if","locations":[{"start":{"line":310,"column":8},"end":{"line":310,"column":8},"skip":true},{"start":{"line":310,"column":8},"end":{"line":310,"column":8},"skip":true}]},"27":{"line":313,"type":"binary-expr","locations":[{"start":{"line":313,"column":27},"end":{"line":313,"column":43},"skip":true},{"start":{"line":313,"column":47},"end":{"line":313,"column":53},"skip":true}]},"28":{"line":317,"type":"if","locations":[{"start":{"line":317,"column":12},"end":{"line":317,"column":12},"skip":true},{"start":{"line":317,"column":12},"end":{"line":317,"column":12},"skip":true}]}},"code":["/*","example.js","","quickstart example","","instruction","    1. save this script as example.js","    2. run the shell command:","        $ npm install npmtest-timm && PORT=8081 node example.js","    3. play with the browser-demo on http://127.0.0.1:8081","*/","","","","/* istanbul instrument in package npmtest_timm */","/*jslint","    bitwise: true,","    browser: true,","    maxerr: 8,","    maxlen: 96,","    node: true,","    nomen: true,","    regexp: true,","    stupid: true","*/","(function () {","    'use strict';","    var local;","","","","    // run shared js-env code - pre-init","    (function () {","        // init local","        local = {};","        // init modeJs","        local.modeJs = (function () {","            try {","                return typeof navigator.userAgent === 'string' &&","                    typeof document.querySelector('body') === 'object' &&","                    typeof XMLHttpRequest.prototype.open === 'function' &&","                    'browser';","            } catch (errorCaughtBrowser) {","                return module.exports &&","                    typeof process.versions.node === 'string' &&","                    typeof require('http').createServer === 'function' &&","                    'node';","            }","        }());","        // init global","        local.global = local.modeJs === 'browser'","            ? window","            : global;","        // init utility2_rollup","        local = local.global.utility2_rollup || (local.modeJs === 'browser'","            ? local.global.utility2_npmtest_timm","            : global.utility2_moduleExports);","        // export local","        local.global.local = local;","    }());","    switch (local.modeJs) {","","","","    // post-init","    // run browser js-env code - post-init","    /* istanbul ignore next */","    case 'browser':","        local.testRunBrowser = function (event) {","            if (!event || (event &&","                    event.currentTarget &&","                    event.currentTarget.className &&","                    event.currentTarget.className.includes &&","                    event.currentTarget.className.includes('onreset'))) {","                // reset output","                Array.from(","                    document.querySelectorAll('body > .resettable')","                ).forEach(function (element) {","                    switch (element.tagName) {","                    case 'INPUT':","                    case 'TEXTAREA':","                        element.value = '';","                        break;","                    default:","                        element.textContent = '';","                    }","                });","            }","            switch (event && event.currentTarget && event.currentTarget.id) {","            case 'testRunButton1':","                // show tests","                if (document.querySelector('#testReportDiv1').style.display === 'none') {","                    document.querySelector('#testReportDiv1').style.display = 'block';","                    document.querySelector('#testRunButton1').textContent =","                        'hide internal test';","                    local.modeTest = true;","                    local.testRunDefault(local);","                // hide tests","                } else {","                    document.querySelector('#testReportDiv1').style.display = 'none';","                    document.querySelector('#testRunButton1').textContent = 'run internal test';","                }","                break;","            // custom-case","            default:","                break;","            }","            if (document.querySelector('#inputTextareaEval1') && (!event || (event &&","                    event.currentTarget &&","                    event.currentTarget.className &&","                    event.currentTarget.className.includes &&","                    event.currentTarget.className.includes('oneval')))) {","                // try to eval input-code","                try {","                    /*jslint evil: true*/","                    eval(document.querySelector('#inputTextareaEval1').value);","                } catch (errorCaught) {","                    console.error(errorCaught);","                }","            }","        };","        // log stderr and stdout to #outputTextareaStdout1","        ['error', 'log'].forEach(function (key) {","            console[key + '_original'] = console[key];","            console[key] = function () {","                var element;","                console[key + '_original'].apply(console, arguments);","                element = document.querySelector('#outputTextareaStdout1');","                if (!element) {","                    return;","                }","                // append text to #outputTextareaStdout1","                element.value += Array.from(arguments).map(function (arg) {","                    return typeof arg === 'string'","                        ? arg","                        : JSON.stringify(arg, null, 4);","                }).join(' ') + '\\n';","                // scroll textarea to bottom","                element.scrollTop = element.scrollHeight;","            };","        });","        // init event-handling","        ['change', 'click', 'keyup'].forEach(function (event) {","            Array.from(document.querySelectorAll('.on' + event)).forEach(function (element) {","                element.addEventListener(event, local.testRunBrowser);","            });","        });","        // run tests","        local.testRunBrowser();","        break;","","","","    // run node js-env code - post-init","    /* istanbul ignore next */","    case 'node':","        // export local","        module.exports = local;","        // require modules","        local.fs = require('fs');","        local.http = require('http');","        local.url = require('url');","        // init assets","        local.assetsDict = local.assetsDict || {};","        /* jslint-ignore-begin */","        local.assetsDict['/assets.index.template.html'] = '\\","<!doctype html>\\n\\","<html lang=\"en\">\\n\\","<head>\\n\\","<meta charset=\"UTF-8\">\\n\\","<meta name=\"viewport\" content=\"width=device-width, initial-scale=1\">\\n\\","<title>{{env.npm_package_name}} (v{{env.npm_package_version}})</title>\\n\\","<style>\\n\\","/*csslint\\n\\","    box-sizing: false,\\n\\","    universal-selector: false\\n\\","*/\\n\\","* {\\n\\","    box-sizing: border-box;\\n\\","}\\n\\","body {\\n\\","    background: #dde;\\n\\","    font-family: Arial, Helvetica, sans-serif;\\n\\","    margin: 2rem;\\n\\","}\\n\\","body > * {\\n\\","    margin-bottom: 1rem;\\n\\","}\\n\\",".utility2FooterDiv {\\n\\","    margin-top: 20px;\\n\\","    text-align: center;\\n\\","}\\n\\","</style>\\n\\","<style>\\n\\","/*csslint\\n\\","*/\\n\\","textarea {\\n\\","    font-family: monospace;\\n\\","    height: 10rem;\\n\\","    width: 100%;\\n\\","}\\n\\","textarea[readonly] {\\n\\","    background: #ddd;\\n\\","}\\n\\","</style>\\n\\","</head>\\n\\","<body>\\n\\","<!-- utility2-comment\\n\\","<div id=\"ajaxProgressDiv1\" style=\"background: #d00; height: 2px; left: 0; margin: 0; padding: 0; position: fixed; top: 0; transition: background 0.5s, width 1.5s; width: 25%;\"></div>\\n\\","utility2-comment -->\\n\\","<h1>\\n\\","<!-- utility2-comment\\n\\","    <a\\n\\","        {{#if env.npm_package_homepage}}\\n\\","        href=\"{{env.npm_package_homepage}}\"\\n\\","        {{/if env.npm_package_homepage}}\\n\\","        target=\"_blank\"\\n\\","    >\\n\\","utility2-comment -->\\n\\","        {{env.npm_package_name}} (v{{env.npm_package_version}})\\n\\","<!-- utility2-comment\\n\\","    </a>\\n\\","utility2-comment -->\\n\\","</h1>\\n\\","<h3>{{env.npm_package_description}}</h3>\\n\\","<!-- utility2-comment\\n\\","<h4><a download href=\"assets.app.js\">download standalone app</a></h4>\\n\\","<button class=\"onclick onreset\" id=\"testRunButton1\">run internal test</button><br>\\n\\","<div id=\"testReportDiv1\" style=\"display: none;\"></div>\\n\\","utility2-comment -->\\n\\","\\n\\","\\n\\","\\n\\","<label>stderr and stdout</label>\\n\\","<textarea class=\"resettable\" id=\"outputTextareaStdout1\" readonly></textarea>\\n\\","<!-- utility2-comment\\n\\","{{#if isRollup}}\\n\\","<script src=\"assets.app.js\"></script>\\n\\","{{#unless isRollup}}\\n\\","utility2-comment -->\\n\\","<script src=\"assets.utility2.rollup.js\"></script>\\n\\","<script src=\"jsonp.utility2._stateInit?callback=window.utility2._stateInit\"></script>\\n\\","<script src=\"assets.npmtest_timm.rollup.js\"></script>\\n\\","<script src=\"assets.example.js\"></script>\\n\\","<script src=\"assets.test.js\"></script>\\n\\","<!-- utility2-comment\\n\\","{{/if isRollup}}\\n\\","utility2-comment -->\\n\\","<div class=\"utility2FooterDiv\">\\n\\","    [ this app was created with\\n\\","    <a href=\"https://github.com/kaizhu256/node-utility2\" target=\"_blank\">utility2</a>\\n\\","    ]\\n\\","</div>\\n\\","</body>\\n\\","</html>\\n\\","';","        /* jslint-ignore-end */","        if (local.templateRender) {","            local.assetsDict['/'] = local.templateRender(","                local.assetsDict['/assets.index.template.html'],","                {","                    env: local.objectSetDefault(local.env, {","                        npm_package_description: 'the greatest app in the world!',","                        npm_package_name: 'my-app',","                        npm_package_nameAlias: 'my_app',","                        npm_package_version: '0.0.1'","                    })","                }","            );","        } else {","            local.assetsDict['/'] = local.assetsDict['/assets.index.template.html']","                .replace((/\\{\\{env\\.(\\w+?)\\}\\}/g), function (match0, match1) {","                    // jslint-hack","                    String(match0);","                    switch (match1) {","                    case 'npm_package_description':","                        return 'the greatest app in the world!';","                    case 'npm_package_name':","                        return 'my-app';","                    case 'npm_package_nameAlias':","                        return 'my_app';","                    case 'npm_package_version':","                        return '0.0.1';","                    }","                });","        }","        // run the cli","        if (local.global.utility2_rollup || module !== require.main) {","            break;","        }","        local.assetsDict['/assets.example.js'] =","            local.assetsDict['/assets.example.js'] ||","            local.fs.readFileSync(__filename, 'utf8');","        // bug-workaround - long $npm_package_buildCustomOrg","        /* jslint-ignore-begin */","        local.assetsDict['/assets.npmtest_timm.rollup.js'] =","            local.assetsDict['/assets.npmtest_timm.rollup.js'] ||","            local.fs.readFileSync(","                local.npmtest_timm.__dirname + '/lib.npmtest_timm.js',","                'utf8'","            ).replace((/^#!/), '//');","        /* jslint-ignore-end */","        local.assetsDict['/favicon.ico'] = local.assetsDict['/favicon.ico'] || '';","        // if $npm_config_timeout_exit exists,","        // then exit this process after $npm_config_timeout_exit ms","        if (Number(process.env.npm_config_timeout_exit)) {","            setTimeout(process.exit, Number(process.env.npm_config_timeout_exit));","        }","        // start server","        if (local.global.utility2_serverHttp1) {","            break;","        }","        process.env.PORT = process.env.PORT || '8081';","        console.error('server starting on port ' + process.env.PORT);","        local.http.createServer(function (request, response) {","            request.urlParsed = local.url.parse(request.url);","            if (local.assetsDict[request.urlParsed.pathname] !== undefined) {","                response.end(local.assetsDict[request.urlParsed.pathname]);","                return;","            }","            response.statusCode = 404;","            response.end();","        }).listen(process.env.PORT);","        break;","    }","}());",""],"l":{"26":2,"28":2,"33":2,"35":2,"37":2,"38":2,"39":2,"44":1,"51":2,"55":2,"59":2,"61":2,"69":1,"70":2,"76":2,"79":2,"82":2,"83":2,"85":1,"89":2,"92":1,"93":1,"94":1,"96":1,"97":1,"100":1,"101":1,"103":1,"106":1,"108":2,"114":1,"116":1,"118":1,"123":1,"124":2,"125":2,"126":3,"127":3,"128":3,"129":3,"130":1,"133":3,"134":3,"139":3,"143":1,"144":3,"145":1,"149":1,"150":1,"158":1,"160":1,"161":1,"162":1,"164":1,"166":1,"258":1,"259":1,"271":1,"274":6,"275":6,"277":1,"279":2,"281":1,"283":2,"288":1,"289":1,"291":1,"296":1,"303":1,"306":1,"307":1,"310":1,"311":1,"313":1,"314":1,"315":1,"316":1,"317":1,"318":1,"319":1,"321":1,"322":1,"324":1}},"/home/travis/build/npmtest/node-npmtest-timm/node_modules/timm/lib/timm.js":{"path":"/home/travis/build/npmtest/node-npmtest-timm/node_modules/timm/lib/timm.js","s":{"1":1,"2":1,"3":0,"4":0,"5":1,"6":1,"7":1,"8":1,"9":1,"10":1,"11":1,"12":1,"13":1,"14":1,"15":1,"16":1,"17":1,"18":1,"19":1,"20":1,"21":1,"22":1,"23":0,"24":1,"25":1,"26":0,"27":0,"28":0,"29":0,"30":0,"31":0,"32":0,"33":0,"34":1,"35":0,"36":0,"37":0,"38":0,"39":0,"40":0,"41":0,"42":0,"43":0,"44":0,"45":0,"46":0,"47":0,"48":0,"49":0,"50":0,"51":0,"52":0,"53":0,"54":0,"55":0,"56":0,"57":0,"58":0,"59":1,"60":0,"61":0,"62":1,"63":0,"64":0,"65":0,"66":1,"67":0,"68":0,"69":0,"70":1,"71":0,"72":0,"73":0,"74":1,"75":0,"76":0,"77":0,"78":1,"79":0,"80":1,"81":0,"82":0,"83":0,"84":1,"85":0,"86":0,"87":0,"88":0,"89":0,"90":0,"91":0,"92":0,"93":1,"94":0,"95":0,"96":0,"97":0,"98":0,"99":0,"100":0,"101":0,"102":0,"103":0,"104":1,"105":0,"106":0,"107":0,"108":0,"109":0,"110":0,"111":0,"112":1,"113":0,"114":0,"115":0,"116":0,"117":0,"118":0,"119":0,"120":1,"121":0,"122":0,"123":0,"124":1,"125":0,"126":0,"127":0,"128":1,"129":0,"130":0,"131":0,"132":1,"133":0,"134":0,"135":0,"136":0,"137":0,"138":0,"139":0,"140":0,"141":0,"142":0,"143":1,"144":0,"145":0,"146":0,"147":0,"148":0,"149":0,"150":0,"151":0,"152":0,"153":0,"154":0,"155":0,"156":0,"157":0,"158":0,"159":0,"160":1,"161":0,"162":0,"163":0,"164":1,"165":1},"b":{"1":[1,0],"2":[1,1],"3":[0,0],"4":[0,0,0,0],"5":[0,0],"6":[0,0],"7":[0,0],"8":[0,0],"9":[0,0],"10":[0,0],"11":[0,0],"12":[0,0],"13":[0,0],"14":[0,0],"15":[0,0],"16":[0,0,0],"17":[0,0],"18":[0,0],"19":[0,0],"20":[0,0],"21":[0,0],"22":[0,0],"23":[0,0],"24":[0,0],"25":[0,0],"26":[0,0],"27":[0,0],"28":[0,0],"29":[0,0],"30":[0,0],"31":[0,0],"32":[0,0],"33":[0,0],"34":[0,0],"35":[0,0],"36":[0,0],"37":[0,0],"38":[0,0],"39":[0,0],"40":[0,0],"41":[0,0],"42":[0,0],"43":[0,0],"44":[0,0]},"f":{"1":0,"2":0,"3":0,"4":0,"5":0,"6":0,"7":0,"8":0,"9":0,"10":0,"11":0,"12":0,"13":0,"14":0,"15":0,"16":0,"17":0,"18":0,"19":0,"20":0,"21":0,"22":0},"fnMap":{"1":{"name":"(anonymous_1)","line":7,"loc":{"start":{"line":7,"column":84},"end":{"line":7,"column":99}}},"2":{"name":"(anonymous_2)","line":7,"loc":{"start":{"line":7,"column":124},"end":{"line":7,"column":139}}},"3":{"name":"throwStr","line":43,"loc":{"start":{"line":43,"column":0},"end":{"line":43,"column":23}}},"4":{"name":"clone","line":49,"loc":{"start":{"line":49,"column":0},"end":{"line":49,"column":20}}},"5":{"name":"doMerge","line":60,"loc":{"start":{"line":60,"column":0},"end":{"line":60,"column":38}}},"6":{"name":"isObject","line":89,"loc":{"start":{"line":89,"column":0},"end":{"line":89,"column":21}}},"7":{"name":"addLast","line":122,"loc":{"start":{"line":122,"column":0},"end":{"line":122,"column":29}}},"8":{"name":"addFirst","line":141,"loc":{"start":{"line":141,"column":0},"end":{"line":141,"column":30}}},"9":{"name":"removeLast","line":163,"loc":{"start":{"line":163,"column":0},"end":{"line":163,"column":27}}},"10":{"name":"removeFirst","line":185,"loc":{"start":{"line":185,"column":0},"end":{"line":185,"column":28}}},"11":{"name":"insert","line":205,"loc":{"start":{"line":205,"column":0},"end":{"line":205,"column":33}}},"12":{"name":"removeAt","line":226,"loc":{"start":{"line":226,"column":0},"end":{"line":226,"column":30}}},"13":{"name":"replaceAt","line":250,"loc":{"start":{"line":250,"column":0},"end":{"line":250,"column":40}}},"14":{"name":"getIn","line":285,"loc":{"start":{"line":285,"column":0},"end":{"line":285,"column":26}}},"15":{"name":"set","line":315,"loc":{"start":{"line":315,"column":0},"end":{"line":315,"column":28}}},"16":{"name":"doSetIn","line":361,"loc":{"start":{"line":361,"column":0},"end":{"line":361,"column":38}}},"17":{"name":"setIn","line":373,"loc":{"start":{"line":373,"column":0},"end":{"line":373,"column":31}}},"18":{"name":"updateIn","line":400,"loc":{"start":{"line":400,"column":0},"end":{"line":400,"column":39}}},"19":{"name":"merge","line":437,"loc":{"start":{"line":437,"column":0},"end":{"line":437,"column":33}}},"20":{"name":"mergeIn","line":467,"loc":{"start":{"line":467,"column":0},"end":{"line":467,"column":41}}},"21":{"name":"omit","line":500,"loc":{"start":{"line":500,"column":0},"end":{"line":500,"column":26}}},"22":{"name":"addDefaults","line":542,"loc":{"start":{"line":542,"column":0},"end":{"line":542,"column":39}}}},"statementMap":{"1":{"start":{"line":3,"column":0},"end":{"line":5,"column":3}},"2":{"start":{"line":7,"column":0},"end":{"line":7,"column":269}},"3":{"start":{"line":7,"column":101},"end":{"line":7,"column":119}},"4":{"start":{"line":7,"column":141},"end":{"line":7,"column":266}},"5":{"start":{"line":9,"column":0},"end":{"line":9,"column":22}},"6":{"start":{"line":10,"column":0},"end":{"line":10,"column":26}},"7":{"start":{"line":11,"column":0},"end":{"line":11,"column":28}},"8":{"start":{"line":12,"column":0},"end":{"line":12,"column":32}},"9":{"start":{"line":13,"column":0},"end":{"line":13,"column":34}},"10":{"start":{"line":14,"column":0},"end":{"line":14,"column":24}},"11":{"start":{"line":15,"column":0},"end":{"line":15,"column":28}},"12":{"start":{"line":16,"column":0},"end":{"line":16,"column":30}},"13":{"start":{"line":17,"column":0},"end":{"line":17,"column":22}},"14":{"start":{"line":18,"column":0},"end":{"line":18,"column":18}},"15":{"start":{"line":19,"column":0},"end":{"line":19,"column":22}},"16":{"start":{"line":20,"column":0},"end":{"line":20,"column":28}},"17":{"start":{"line":21,"column":0},"end":{"line":21,"column":22}},"18":{"start":{"line":22,"column":0},"end":{"line":22,"column":26}},"19":{"start":{"line":23,"column":0},"end":{"line":23,"column":20}},"20":{"start":{"line":24,"column":0},"end":{"line":24,"column":34}},"21":{"start":{"line":36,"column":0},"end":{"line":36,"column":34}},"22":{"start":{"line":43,"column":0},"end":{"line":45,"column":1}},"23":{"start":{"line":44,"column":2},"end":{"line":44,"column":23}},"24":{"start":{"line":47,"column":0},"end":{"line":47,"column":39}},"25":{"start":{"line":49,"column":0},"end":{"line":58,"column":1}},"26":{"start":{"line":50,"column":2},"end":{"line":50,"column":45}},"27":{"start":{"line":50,"column":26},"end":{"line":50,"column":45}},"28":{"start":{"line":51,"column":2},"end":{"line":51,"column":30}},"29":{"start":{"line":52,"column":2},"end":{"line":52,"column":15}},"30":{"start":{"line":53,"column":2},"end":{"line":56,"column":3}},"31":{"start":{"line":54,"column":4},"end":{"line":54,"column":22}},"32":{"start":{"line":55,"column":4},"end":{"line":55,"column":24}},"33":{"start":{"line":57,"column":2},"end":{"line":57,"column":13}},"34":{"start":{"line":60,"column":0},"end":{"line":87,"column":1}},"35":{"start":{"line":61,"column":2},"end":{"line":61,"column":18}},"36":{"start":{"line":62,"column":2},"end":{"line":62,"column":137}},"37":{"start":{"line":63,"column":2},"end":{"line":63,"column":23}},"38":{"start":{"line":65,"column":2},"end":{"line":67,"column":3}},"39":{"start":{"line":66,"column":4},"end":{"line":66,"column":37}},"40":{"start":{"line":69,"column":2},"end":{"line":85,"column":3}},"41":{"start":{"line":70,"column":4},"end":{"line":70,"column":24}},"42":{"start":{"line":71,"column":4},"end":{"line":71,"column":30}},"43":{"start":{"line":71,"column":21},"end":{"line":71,"column":30}},"44":{"start":{"line":72,"column":4},"end":{"line":72,"column":32}},"45":{"start":{"line":73,"column":4},"end":{"line":73,"column":31}},"46":{"start":{"line":73,"column":22},"end":{"line":73,"column":31}},"47":{"start":{"line":74,"column":4},"end":{"line":84,"column":5}},"48":{"start":{"line":75,"column":6},"end":{"line":75,"column":24}},"49":{"start":{"line":76,"column":6},"end":{"line":76,"column":59}},"50":{"start":{"line":76,"column":50},"end":{"line":76,"column":59}},"51":{"start":{"line":77,"column":6},"end":{"line":77,"column":29}},"52":{"start":{"line":78,"column":6},"end":{"line":78,"column":66}},"53":{"start":{"line":78,"column":57},"end":{"line":78,"column":66}},"54":{"start":{"line":79,"column":6},"end":{"line":82,"column":7}},"55":{"start":{"line":80,"column":8},"end":{"line":80,"column":24}},"56":{"start":{"line":81,"column":8},"end":{"line":81,"column":25}},"57":{"start":{"line":83,"column":6},"end":{"line":83,"column":25}},"58":{"start":{"line":86,"column":2},"end":{"line":86,"column":13}},"59":{"start":{"line":89,"column":0},"end":{"line":92,"column":1}},"60":{"start":{"line":90,"column":2},"end":{"line":90,"column":65}},"61":{"start":{"line":91,"column":2},"end":{"line":91,"column":65}},"62":{"start":{"line":122,"column":0},"end":{"line":125,"column":1}},"63":{"start":{"line":123,"column":2},"end":{"line":123,"column":51}},"64":{"start":{"line":123,"column":26},"end":{"line":123,"column":51}},"65":{"start":{"line":124,"column":2},"end":{"line":124,"column":29}},"66":{"start":{"line":141,"column":0},"end":{"line":144,"column":1}},"67":{"start":{"line":142,"column":2},"end":{"line":142,"column":51}},"68":{"start":{"line":142,"column":26},"end":{"line":142,"column":51}},"69":{"start":{"line":143,"column":2},"end":{"line":143,"column":29}},"70":{"start":{"line":163,"column":0},"end":{"line":166,"column":1}},"71":{"start":{"line":164,"column":2},"end":{"line":164,"column":34}},"72":{"start":{"line":164,"column":21},"end":{"line":164,"column":34}},"73":{"start":{"line":165,"column":2},"end":{"line":165,"column":42}},"74":{"start":{"line":185,"column":0},"end":{"line":188,"column":1}},"75":{"start":{"line":186,"column":2},"end":{"line":186,"column":34}},"76":{"start":{"line":186,"column":21},"end":{"line":186,"column":34}},"77":{"start":{"line":187,"column":2},"end":{"line":187,"column":24}},"78":{"start":{"line":205,"column":0},"end":{"line":207,"column":1}},"79":{"start":{"line":206,"column":2},"end":{"line":206,"column":95}},"80":{"start":{"line":226,"column":0},"end":{"line":229,"column":1}},"81":{"start":{"line":227,"column":2},"end":{"line":227,"column":51}},"82":{"start":{"line":227,"column":38},"end":{"line":227,"column":51}},"83":{"start":{"line":228,"column":2},"end":{"line":228,"column":58}},"84":{"start":{"line":250,"column":0},"end":{"line":260,"column":1}},"85":{"start":{"line":251,"column":2},"end":{"line":251,"column":43}},"86":{"start":{"line":251,"column":30},"end":{"line":251,"column":43}},"87":{"start":{"line":253,"column":2},"end":{"line":253,"column":25}},"88":{"start":{"line":254,"column":2},"end":{"line":254,"column":26}},"89":{"start":{"line":255,"column":2},"end":{"line":257,"column":3}},"90":{"start":{"line":256,"column":4},"end":{"line":256,"column":25}},"91":{"start":{"line":258,"column":2},"end":{"line":258,"column":24}},"92":{"start":{"line":259,"column":2},"end":{"line":259,"column":16}},"93":{"start":{"line":285,"column":0},"end":{"line":295,"column":1}},"94":{"start":{"line":286,"column":2},"end":{"line":286,"column":146}},"95":{"start":{"line":287,"column":2},"end":{"line":287,"column":36}},"96":{"start":{"line":287,"column":19},"end":{"line":287,"column":36}},"97":{"start":{"line":288,"column":2},"end":{"line":288,"column":16}},"98":{"start":{"line":289,"column":2},"end":{"line":293,"column":3}},"99":{"start":{"line":290,"column":4},"end":{"line":290,"column":22}},"100":{"start":{"line":291,"column":4},"end":{"line":291,"column":45}},"101":{"start":{"line":292,"column":4},"end":{"line":292,"column":38}},"102":{"start":{"line":292,"column":27},"end":{"line":292,"column":38}},"103":{"start":{"line":294,"column":2},"end":{"line":294,"column":13}},"104":{"start":{"line":315,"column":0},"end":{"line":322,"column":1}},"105":{"start":{"line":316,"column":2},"end":{"line":316,"column":51}},"106":{"start":{"line":317,"column":2},"end":{"line":317,"column":46}},"107":{"start":{"line":318,"column":2},"end":{"line":318,"column":45}},"108":{"start":{"line":318,"column":29},"end":{"line":318,"column":45}},"109":{"start":{"line":319,"column":2},"end":{"line":319,"column":29}},"110":{"start":{"line":320,"column":2},"end":{"line":320,"column":18}},"111":{"start":{"line":321,"column":2},"end":{"line":321,"column":14}},"112":{"start":{"line":361,"column":0},"end":{"line":371,"column":1}},"113":{"start":{"line":362,"column":2},"end":{"line":362,"column":24}},"114":{"start":{"line":363,"column":2},"end":{"line":363,"column":22}},"115":{"start":{"line":364,"column":2},"end":{"line":369,"column":3}},"116":{"start":{"line":365,"column":4},"end":{"line":365,"column":19}},"117":{"start":{"line":367,"column":4},"end":{"line":367,"column":91}},"118":{"start":{"line":368,"column":4},"end":{"line":368,"column":54}},"119":{"start":{"line":370,"column":2},"end":{"line":370,"column":33}},"120":{"start":{"line":373,"column":0},"end":{"line":376,"column":1}},"121":{"start":{"line":374,"column":2},"end":{"line":374,"column":31}},"122":{"start":{"line":374,"column":20},"end":{"line":374,"column":31}},"123":{"start":{"line":375,"column":2},"end":{"line":375,"column":36}},"124":{"start":{"line":400,"column":0},"end":{"line":404,"column":1}},"125":{"start":{"line":401,"column":2},"end":{"line":401,"column":33}},"126":{"start":{"line":402,"column":2},"end":{"line":402,"column":34}},"127":{"start":{"line":403,"column":2},"end":{"line":403,"column":35}},"128":{"start":{"line":437,"column":0},"end":{"line":443,"column":1}},"129":{"start":{"line":438,"column":2},"end":{"line":440,"column":3}},"130":{"start":{"line":439,"column":4},"end":{"line":439,"column":39}},"131":{"start":{"line":442,"column":2},"end":{"line":442,"column":132}},"132":{"start":{"line":467,"column":0},"end":{"line":482,"column":1}},"133":{"start":{"line":468,"column":2},"end":{"line":468,"column":31}},"134":{"start":{"line":469,"column":2},"end":{"line":469,"column":36}},"135":{"start":{"line":469,"column":23},"end":{"line":469,"column":36}},"136":{"start":{"line":470,"column":2},"end":{"line":470,"column":23}},"137":{"start":{"line":472,"column":2},"end":{"line":474,"column":3}},"138":{"start":{"line":473,"column":4},"end":{"line":473,"column":39}},"139":{"start":{"line":476,"column":2},"end":{"line":480,"column":3}},"140":{"start":{"line":477,"column":4},"end":{"line":477,"column":94}},"141":{"start":{"line":479,"column":4},"end":{"line":479,"column":53}},"142":{"start":{"line":481,"column":2},"end":{"line":481,"column":33}},"143":{"start":{"line":500,"column":0},"end":{"line":518,"column":1}},"144":{"start":{"line":501,"column":2},"end":{"line":501,"column":56}},"145":{"start":{"line":502,"column":2},"end":{"line":502,"column":27}},"146":{"start":{"line":503,"column":2},"end":{"line":508,"column":3}},"147":{"start":{"line":504,"column":4},"end":{"line":507,"column":5}},"148":{"start":{"line":505,"column":6},"end":{"line":505,"column":26}},"149":{"start":{"line":506,"column":6},"end":{"line":506,"column":12}},"150":{"start":{"line":509,"column":2},"end":{"line":509,"column":32}},"151":{"start":{"line":509,"column":21},"end":{"line":509,"column":32}},"152":{"start":{"line":510,"column":2},"end":{"line":510,"column":15}},"153":{"start":{"line":511,"column":2},"end":{"line":511,"column":30}},"154":{"start":{"line":512,"column":2},"end":{"line":516,"column":3}},"155":{"start":{"line":513,"column":4},"end":{"line":513,"column":23}},"156":{"start":{"line":514,"column":4},"end":{"line":514,"column":45}},"157":{"start":{"line":514,"column":36},"end":{"line":514,"column":45}},"158":{"start":{"line":515,"column":4},"end":{"line":515,"column":24}},"159":{"start":{"line":517,"column":2},"end":{"line":517,"column":13}},"160":{"start":{"line":542,"column":0},"end":{"line":548,"column":1}},"161":{"start":{"line":543,"column":2},"end":{"line":545,"column":3}},"162":{"start":{"line":544,"column":4},"end":{"line":544,"column":39}},"163":{"start":{"line":547,"column":2},"end":{"line":547,"column":130}},"164":{"start":{"line":553,"column":0},"end":{"line":572,"column":2}},"165":{"start":{"line":574,"column":0},"end":{"line":574,"column":23}}},"branchMap":{"1":{"line":7,"type":"cond-expr","locations":[{"start":{"line":7,"column":84},"end":{"line":7,"column":121}},{"start":{"line":7,"column":124},"end":{"line":7,"column":268}}]},"2":{"line":7,"type":"binary-expr","locations":[{"start":{"line":7,"column":14},"end":{"line":7,"column":42}},{"start":{"line":7,"column":46},"end":{"line":7,"column":81}}]},"3":{"line":7,"type":"cond-expr","locations":[{"start":{"line":7,"column":244},"end":{"line":7,"column":252}},{"start":{"line":7,"column":255},"end":{"line":7,"column":265}}]},"4":{"line":7,"type":"binary-expr","locations":[{"start":{"line":7,"column":148},"end":{"line":7,"column":151}},{"start":{"line":7,"column":155},"end":{"line":7,"column":183}},{"start":{"line":7,"column":187},"end":{"line":7,"column":213}},{"start":{"line":7,"column":217},"end":{"line":7,"column":241}}]},"5":{"line":50,"type":"if","locations":[{"start":{"line":50,"column":2},"end":{"line":50,"column":2}},{"start":{"line":50,"column":2},"end":{"line":50,"column":2}}]},"6":{"line":62,"type":"binary-expr","locations":[{"start":{"line":62,"column":2},"end":{"line":62,"column":16}},{"start":{"line":62,"column":20},"end":{"line":62,"column":136}}]},"7":{"line":62,"type":"cond-expr","locations":[{"start":{"line":62,"column":69},"end":{"line":62,"column":120}},{"start":{"line":62,"column":123},"end":{"line":62,"column":135}}]},"8":{"line":71,"type":"if","locations":[{"start":{"line":71,"column":4},"end":{"line":71,"column":4}},{"start":{"line":71,"column":4},"end":{"line":71,"column":4}}]},"9":{"line":73,"type":"if","locations":[{"start":{"line":73,"column":4},"end":{"line":73,"column":4}},{"start":{"line":73,"column":4},"end":{"line":73,"column":4}}]},"10":{"line":76,"type":"if","locations":[{"start":{"line":76,"column":6},"end":{"line":76,"column":6}},{"start":{"line":76,"column":6},"end":{"line":76,"column":6}}]},"11":{"line":76,"type":"binary-expr","locations":[{"start":{"line":76,"column":10},"end":{"line":76,"column":22}},{"start":{"line":76,"column":26},"end":{"line":76,"column":48}}]},"12":{"line":78,"type":"if","locations":[{"start":{"line":78,"column":6},"end":{"line":78,"column":6}},{"start":{"line":78,"column":6},"end":{"line":78,"column":6}}]},"13":{"line":78,"type":"binary-expr","locations":[{"start":{"line":78,"column":10},"end":{"line":78,"column":31}},{"start":{"line":78,"column":35},"end":{"line":78,"column":55}}]},"14":{"line":79,"type":"if","locations":[{"start":{"line":79,"column":6},"end":{"line":79,"column":6}},{"start":{"line":79,"column":6},"end":{"line":79,"column":6}}]},"15":{"line":90,"type":"cond-expr","locations":[{"start":{"line":90,"column":40},"end":{"line":90,"column":51}},{"start":{"line":90,"column":54},"end":{"line":90,"column":64}}]},"16":{"line":91,"type":"binary-expr","locations":[{"start":{"line":91,"column":9},"end":{"line":91,"column":18}},{"start":{"line":91,"column":23},"end":{"line":91,"column":40}},{"start":{"line":91,"column":44},"end":{"line":91,"column":63}}]},"17":{"line":123,"type":"if","locations":[{"start":{"line":123,"column":2},"end":{"line":123,"column":2}},{"start":{"line":123,"column":2},"end":{"line":123,"column":2}}]},"18":{"line":142,"type":"if","locations":[{"start":{"line":142,"column":2},"end":{"line":142,"column":2}},{"start":{"line":142,"column":2},"end":{"line":142,"column":2}}]},"19":{"line":164,"type":"if","locations":[{"start":{"line":164,"column":2},"end":{"line":164,"column":2}},{"start":{"line":164,"column":2},"end":{"line":164,"column":2}}]},"20":{"line":186,"type":"if","locations":[{"start":{"line":186,"column":2},"end":{"line":186,"column":2}},{"start":{"line":186,"column":2},"end":{"line":186,"column":2}}]},"21":{"line":206,"type":"cond-expr","locations":[{"start":{"line":206,"column":57},"end":{"line":206,"column":60}},{"start":{"line":206,"column":63},"end":{"line":206,"column":68}}]},"22":{"line":227,"type":"if","locations":[{"start":{"line":227,"column":2},"end":{"line":227,"column":2}},{"start":{"line":227,"column":2},"end":{"line":227,"column":2}}]},"23":{"line":227,"type":"binary-expr","locations":[{"start":{"line":227,"column":6},"end":{"line":227,"column":25}},{"start":{"line":227,"column":29},"end":{"line":227,"column":36}}]},"24":{"line":251,"type":"if","locations":[{"start":{"line":251,"column":2},"end":{"line":251,"column":2}},{"start":{"line":251,"column":2},"end":{"line":251,"column":2}}]},"25":{"line":286,"type":"binary-expr","locations":[{"start":{"line":286,"column":2},"end":{"line":286,"column":22}},{"start":{"line":286,"column":26},"end":{"line":286,"column":145}}]},"26":{"line":286,"type":"cond-expr","locations":[{"start":{"line":286,"column":75},"end":{"line":286,"column":129}},{"start":{"line":286,"column":132},"end":{"line":286,"column":144}}]},"27":{"line":287,"type":"if","locations":[{"start":{"line":287,"column":2},"end":{"line":287,"column":2}},{"start":{"line":287,"column":2},"end":{"line":287,"column":2}}]},"28":{"line":291,"type":"cond-expr","locations":[{"start":{"line":291,"column":24},"end":{"line":291,"column":32}},{"start":{"line":291,"column":35},"end":{"line":291,"column":44}}]},"29":{"line":292,"type":"if","locations":[{"start":{"line":292,"column":4},"end":{"line":292,"column":4}},{"start":{"line":292,"column":4},"end":{"line":292,"column":4}}]},"30":{"line":316,"type":"cond-expr","locations":[{"start":{"line":316,"column":43},"end":{"line":316,"column":45}},{"start":{"line":316,"column":48},"end":{"line":316,"column":50}}]},"31":{"line":317,"type":"cond-expr","locations":[{"start":{"line":317,"column":31},"end":{"line":317,"column":39}},{"start":{"line":317,"column":42},"end":{"line":317,"column":45}}]},"32":{"line":318,"type":"if","locations":[{"start":{"line":318,"column":2},"end":{"line":318,"column":2}},{"start":{"line":318,"column":2},"end":{"line":318,"column":2}}]},"33":{"line":364,"type":"if","locations":[{"start":{"line":364,"column":2},"end":{"line":364,"column":2}},{"start":{"line":364,"column":2},"end":{"line":364,"column":2}}]},"34":{"line":367,"type":"cond-expr","locations":[{"start":{"line":367,"column":36},"end":{"line":367,"column":44}},{"start":{"line":367,"column":47},"end":{"line":367,"column":90}}]},"35":{"line":367,"type":"cond-expr","locations":[{"start":{"line":367,"column":83},"end":{"line":367,"column":85}},{"start":{"line":367,"column":88},"end":{"line":367,"column":90}}]},"36":{"line":374,"type":"if","locations":[{"start":{"line":374,"column":2},"end":{"line":374,"column":2}},{"start":{"line":374,"column":2},"end":{"line":374,"column":2}}]},"37":{"line":442,"type":"cond-expr","locations":[{"start":{"line":442,"column":23},"end":{"line":442,"column":96}},{"start":{"line":442,"column":99},"end":{"line":442,"column":131}}]},"38":{"line":469,"type":"if","locations":[{"start":{"line":469,"column":2},"end":{"line":469,"column":2}},{"start":{"line":469,"column":2},"end":{"line":469,"column":2}}]},"39":{"line":476,"type":"if","locations":[{"start":{"line":476,"column":2},"end":{"line":476,"column":2}},{"start":{"line":476,"column":2},"end":{"line":476,"column":2}}]},"40":{"line":501,"type":"cond-expr","locations":[{"start":{"line":501,"column":40},"end":{"line":501,"column":45}},{"start":{"line":501,"column":48},"end":{"line":501,"column":55}}]},"41":{"line":504,"type":"if","locations":[{"start":{"line":504,"column":4},"end":{"line":504,"column":4}},{"start":{"line":504,"column":4},"end":{"line":504,"column":4}}]},"42":{"line":509,"type":"if","locations":[{"start":{"line":509,"column":2},"end":{"line":509,"column":2}},{"start":{"line":509,"column":2},"end":{"line":509,"column":2}}]},"43":{"line":514,"type":"if","locations":[{"start":{"line":514,"column":4},"end":{"line":514,"column":4}},{"start":{"line":514,"column":4},"end":{"line":514,"column":4}}]},"44":{"line":547,"type":"cond-expr","locations":[{"start":{"line":547,"column":23},"end":{"line":547,"column":95}},{"start":{"line":547,"column":98},"end":{"line":547,"column":129}}]}},"code":["'use strict';","","Object.defineProperty(exports, \"__esModule\", {","  value: true","});","","var _typeof = typeof Symbol === \"function\" && typeof Symbol.iterator === \"symbol\" ? function (obj) { return typeof obj; } : function (obj) { return obj && typeof Symbol === \"function\" && obj.constructor === Symbol && obj !== Symbol.prototype ? \"symbol\" : typeof obj; };","","exports.clone = clone;","exports.addLast = addLast;","exports.addFirst = addFirst;","exports.removeLast = removeLast;","exports.removeFirst = removeFirst;","exports.insert = insert;","exports.removeAt = removeAt;","exports.replaceAt = replaceAt;","exports.getIn = getIn;","exports.set = set;","exports.setIn = setIn;","exports.updateIn = updateIn;","exports.merge = merge;","exports.mergeIn = mergeIn;","exports.omit = omit;","exports.addDefaults = addDefaults;","","","/*!"," * Timm"," *"," * Immutability helpers with fast reads and acceptable writes."," *"," * @copyright Guillermo Grau Panea 2016"," * @license MIT"," */","","var INVALID_ARGS = 'INVALID_ARGS';","","// ===============================================","// ### Helpers","// ===============================================","","","function throwStr(msg) {","  throw new Error(msg);","}","","var hasOwnProperty = {}.hasOwnProperty;","","function clone(obj) {","  if (Array.isArray(obj)) return obj.slice();","  var keys = Object.keys(obj);","  var out = {};","  for (var i = 0; i < keys.length; i++) {","    var key = keys[i];","    out[key] = obj[key];","  }","  return out;","}","","function doMerge(fAddDefaults, first) {","  var out = first;","  !(out != null) && throwStr(process.env.NODE_ENV !== 'production' ? 'At least one object should be provided to merge()' : INVALID_ARGS);","  var fChanged = false;","","  for (var _len = arguments.length, rest = Array(_len > 2 ? _len - 2 : 0), _key = 2; _key < _len; _key++) {","    rest[_key - 2] = arguments[_key];","  }","","  for (var idx = 0; idx < rest.length; idx++) {","    var obj = rest[idx];","    if (obj == null) continue;","    var keys = Object.keys(obj);","    if (!keys.length) continue;","    for (var j = 0; j <= keys.length; j++) {","      var key = keys[j];","      if (fAddDefaults && out[key] !== undefined) continue;","      var nextVal = obj[key];","      if (nextVal === undefined || nextVal === out[key]) continue;","      if (!fChanged) {","        fChanged = true;","        out = clone(out);","      }","      out[key] = nextVal;","    }","  }","  return out;","}","","function isObject(o) {","  var type = typeof o === 'undefined' ? 'undefined' : _typeof(o);","  return o != null && (type === 'object' || type === 'function');","}","","// _deepFreeze = (obj) ->","//   Object.freeze obj","//   for key in Object.getOwnPropertyNames obj","//     val = obj[key]","//     if isObject(val) and not Object.isFrozen val","//       _deepFreeze val","//   obj","","// ===============================================","// -- ### Arrays","// ===============================================","","// -- #### addLast()","// -- Returns a new array with an appended item or items.","// --","// -- Usage: `addLast<T>(array: Array<T>, val: Array<T>|T): Array<T>`","// --","// -- ```js","// -- arr = ['a', 'b']","// -- arr2 = addLast(arr, 'c')","// -- // ['a', 'b', 'c']","// -- arr2 === arr","// -- // false","// -- arr3 = addLast(arr, ['c', 'd'])","// -- // ['a', 'b', 'c', 'd']","// -- ```","// `array.concat(val)` also handles the scalar case,","// but is apparently very slow","function addLast(array, val) {","  if (Array.isArray(val)) return array.concat(val);","  return array.concat([val]);","}","","// -- #### addFirst()","// -- Returns a new array with a prepended item or items.","// --","// -- Usage: `addFirst<T>(array: Array<T>, val: Array<T>|T): Array<T>`","// --","// -- ```js","// -- arr = ['a', 'b']","// -- arr2 = addFirst(arr, 'c')","// -- // ['c', 'a', 'b']","// -- arr2 === arr","// -- // false","// -- arr3 = addFirst(arr, ['c', 'd'])","// -- // ['c', 'd', 'a', 'b']","// -- ```","function addFirst(array, val) {","  if (Array.isArray(val)) return val.concat(array);","  return [val].concat(array);","}","","// -- #### removeLast()","// -- Returns a new array removing the last item.","// --","// -- Usage: `removeLast<T>(array: Array<T>): Array<T>`","// --","// -- ```js","// -- arr = ['a', 'b']","// -- arr2 = removeLast(arr)","// -- // ['a']","// -- arr2 === arr","// -- // false","// --","// -- // The same array is returned if there are no changes:","// -- arr3 = []","// -- removeLast(arr3) === arr3","// -- // true","// -- ```","function removeLast(array) {","  if (!array.length) return array;","  return array.slice(0, array.length - 1);","}","","// -- #### removeFirst()","// -- Returns a new array removing the first item.","// --","// -- Usage: `removeFirst<T>(array: Array<T>): Array<T>`","// --","// -- ```js","// -- arr = ['a', 'b']","// -- arr2 = removeFirst(arr)","// -- // ['b']","// -- arr2 === arr","// -- // false","// --","// -- // The same array is returned if there are no changes:","// -- arr3 = []","// -- removeFirst(arr3) === arr3","// -- // true","// -- ```","function removeFirst(array) {","  if (!array.length) return array;","  return array.slice(1);","}","","// -- #### insert()","// -- Returns a new array obtained by inserting an item or items","// -- at a specified index.","// --","// -- Usage: `insert<T>(array: Array<T>, idx: number, val: Array<T>|T): Array<T>`","// --","// -- ```js","// -- arr = ['a', 'b', 'c']","// -- arr2 = insert(arr, 1, 'd')","// -- // ['a', 'd', 'b', 'c']","// -- arr2 === arr","// -- // false","// -- insert(arr, 1, ['d', 'e'])","// -- // ['a', 'd', 'e', 'b', 'c']","// -- ```","function insert(array, idx, val) {","  return array.slice(0, idx).concat(Array.isArray(val) ? val : [val]).concat(array.slice(idx));","}","","// -- #### removeAt()","// -- Returns a new array obtained by removing an item at","// -- a specified index.","// --","// -- Usage: `removeAt<T>(array: Array<T>, idx: number): Array<T>`","// --","// -- ```js","// -- arr = ['a', 'b', 'c']","// -- arr2 = removeAt(arr, 1)","// -- // ['a', 'c']","// -- arr2 === arr","// -- // false","// --","// -- // The same array is returned if there are no changes:","// -- removeAt(arr, 4) === arr","// -- // true","// -- ```","function removeAt(array, idx) {","  if (idx >= array.length || idx < 0) return array;","  return array.slice(0, idx).concat(array.slice(idx + 1));","}","","// -- #### replaceAt()","// -- Returns a new array obtained by replacing an item at","// -- a specified index. If the provided item is the same","// -- (*referentially equal to*) the previous item at that position,","// -- the original array is returned.","// --","// -- Usage: `replaceAt<T>(array: Array<T>, idx: number, newItem: T): Array<T>`","// --","// -- ```js","// -- arr = ['a', 'b', 'c']","// -- arr2 = replaceAt(arr, 1, 'd')","// -- // ['a', 'd', 'c']","// -- arr2 === arr","// -- // false","// --","// -- // The same object is returned if there are no changes:","// -- replaceAt(arr, 1, 'b') === arr","// -- // true","// -- ```","function replaceAt(array, idx, newItem) {","  if (array[idx] === newItem) return array;","","  var len = array.length;","  var result = Array(len);","  for (var i = 0; i < len; i++) {","    result[i] = array[i];","  }","  result[idx] = newItem;","  return result;","}","","// ===============================================","// -- ### Collections (objects and arrays)","// ===============================================","// -- The following types are used throughout this section","// -- ```js","// -- type ArrayOrObject = Array<any>|Object;","// -- type Key = number|string;","// -- ```","","// -- #### getIn()","// -- Returns a value from an object at a given path. Works with","// -- nested arrays and objects. If the path does not exist, it returns","// -- `undefined`.","// --","// -- Usage: `getIn(obj: ?ArrayOrObject, path: Array<Key>): any`","// --","// -- ```js","// -- obj = { a: 1, b: 2, d: { d1: 3, d2: 4 }, e: ['a', 'b', 'c'] }","// -- getIn(obj, ['d', 'd1'])","// -- // 3","// -- getIn(obj, ['e', 1])","// -- // 'b'","// -- ```","function getIn(obj, path) {","  !Array.isArray(path) && throwStr(process.env.NODE_ENV !== 'production' ? 'A path array should be provided when calling getIn()' : INVALID_ARGS);","  if (obj == null) return undefined;","  var ptr = obj;","  for (var i = 0; i < path.length; i++) {","    var key = path[i];","    ptr = ptr != null ? ptr[key] : undefined;","    if (ptr === undefined) return ptr;","  }","  return ptr;","}","","// -- #### set()","// -- Returns a new object with a modified attribute.","// -- If the provided value is the same (*referentially equal to*)","// -- the previous value, the original object is returned.","// --","// -- Usage: `set<T>(obj: ?T, key: Key, val: any): T`","// --","// -- ```js","// -- obj = { a: 1, b: 2, c: 3 }","// -- obj2 = set(obj, 'b', 5)","// -- // { a: 1, b: 5, c: 3 }","// -- obj2 === obj","// -- // false","// --","// -- // The same object is returned if there are no changes:","// -- set(obj, 'b', 2) === obj","// -- // true","// -- ```","function set(obj, key, val) {","  var fallback = typeof key === 'number' ? [] : {};","  var finalObj = obj == null ? fallback : obj;","  if (finalObj[key] === val) return finalObj;","  var obj2 = clone(finalObj);","  obj2[key] = val;","  return obj2;","}","","// -- #### setIn()","// -- Returns a new object with a modified **nested** attribute.","// --","// -- Notes:","// --","// -- * If the provided value is the same (*referentially equal to*)","// -- the previous value, the original object is returned.","// -- * If the path does not exist, it will be created before setting","// -- the new value.","// --","// -- Usage: `setIn<T: ArrayOrObject>(obj: T, path: Array<Key>, val: any): T`","// --","// -- ```js","// -- obj = { a: 1, b: 2, d: { d1: 3, d2: 4 }, e: { e1: 'foo', e2: 'bar' } }","// -- obj2 = setIn(obj, ['d', 'd1'], 4)","// -- // { a: 1, b: 2, d: { d1: 4, d2: 4 }, e: { e1: 'foo', e2: 'bar' } }","// -- obj2 === obj","// -- // false","// -- obj2.d === obj.d","// -- // false","// -- obj2.e === obj.e","// -- // true","// --","// -- // The same object is returned if there are no changes:","// -- obj3 = setIn(obj, ['d', 'd1'], 3)","// -- // { a: 1, b: 2, d: { d1: 3, d2: 4 }, e: { e1: 'foo', e2: 'bar' } }","// -- obj3 === obj","// -- // true","// -- obj3.d === obj.d","// -- // true","// -- obj3.e === obj.e","// -- // true","// --","// -- // ... unknown paths create intermediate keys. Numeric segments are treated as array indices:","// -- setIn({ a: 3 }, ['unknown', 0, 'path'], 4)","// -- // { a: 3, unknown: [{ path: 4 }] }","// -- ```","function doSetIn(obj, path, val, idx) {","  var newValue = void 0;","  var key = path[idx];","  if (idx === path.length - 1) {","    newValue = val;","  } else {","    var nestedObj = isObject(obj) ? obj[key] : typeof path[idx + 1] === 'number' ? [] : {};","    newValue = doSetIn(nestedObj, path, val, idx + 1);","  }","  return set(obj, key, newValue);","}","","function setIn(obj, path, val) {","  if (!path.length) return val;","  return doSetIn(obj, path, val, 0);","}","","// -- #### updateIn()","// -- Returns a new object with a modified **nested** attribute,","// -- calculated via a user-provided callback based on the current value.","// -- If the calculated value is the same (*referentially equal to*)","// -- the previous value, the original object is returned.","// --","// -- Usage: `updateIn<T: ArrayOrObject>(obj: T, path: Array<Key>,","// -- fnUpdate: (prevValue: any) => any): T`","// --","// -- ```js","// -- obj = { a: 1, d: { d1: 3, d2: 4 } }","// -- obj2 = updateIn(obj, ['d', 'd1'], (val) => val + 1)","// -- // { a: 1, d: { d1: 4, d2: 4 } }","// -- obj2 === obj","// -- // false","// --","// -- // The same object is returned if there are no changes:","// -- obj3 = updateIn(obj, ['d', 'd1'], (val) => val)","// -- // { a: 1, d: { d1: 3, d2: 4 } }","// -- obj3 === obj","// -- // true","// -- ```","function updateIn(obj, path, fnUpdate) {","  var prevVal = getIn(obj, path);","  var nextVal = fnUpdate(prevVal);","  return setIn(obj, path, nextVal);","}","","// -- #### merge()","// -- Returns a new object built as follows: the overlapping keys from the","// -- second one overwrite the corresponding entries from the first one.","// -- Similar to `Object.assign()`, but immutable.","// --","// -- Usage:","// --","// -- * `merge(obj1: Object, obj2: ?Object): Object`","// -- * `merge(obj1: Object, ...objects: Array<?Object>): Object`","// --","// -- The unmodified `obj1` is returned if `obj2` does not *provide something","// -- new to* `obj1`, i.e. if either of the following","// -- conditions are true:","// --","// -- * `obj2` is `null` or `undefined`","// -- * `obj2` is an object, but it is empty","// -- * All attributes of `obj2` are referentially equal to the","// --   corresponding attributes of `obj`","// --","// -- ```js","// -- obj1 = { a: 1, b: 2, c: 3 }","// -- obj2 = { c: 4, d: 5 }","// -- obj3 = merge(obj1, obj2)","// -- // { a: 1, b: 2, c: 4, d: 5 }","// -- obj3 === obj1","// -- // false","// --","// -- // The same object is returned if there are no changes:","// -- merge(obj1, { c: 3 }) === obj1","// -- // true","// -- ```","function merge(a, b, c, d, e, f) {","  for (var _len2 = arguments.length, rest = Array(_len2 > 6 ? _len2 - 6 : 0), _key2 = 6; _key2 < _len2; _key2++) {","    rest[_key2 - 6] = arguments[_key2];","  }","","  return rest.length ? doMerge.call.apply(doMerge, [null, false, a, b, c, d, e, f].concat(rest)) : doMerge(false, a, b, c, d, e, f);","}","","// -- #### mergeIn()","// -- Similar to `merge()`, but merging the value at a given nested path.","// -- Note that the returned type is the same as that of the first argument.","// --","// -- Usage:","// --","// -- * `mergeIn<T: ArrayOrObject>(obj1: T, path: Array<Key>, obj2: ?Object): T`","// -- * `mergeIn<T: ArrayOrObject>(obj1: T, path: Array<Key>,","// -- ...objects: Array<?Object>): T`","// --","// -- ```js","// -- obj1 = { a: 1, d: { b: { d1: 3, d2: 4 } } }","// -- obj2 = { d3: 5 }","// -- obj3 = mergeIn(obj1, ['d', 'b'], obj2)","// -- // { a: 1, d: { b: { d1: 3, d2: 4, d3: 5 } } }","// -- obj3 === obj1","// -- // false","// --","// -- // The same object is returned if there are no changes:","// -- mergeIn(obj1, ['d', 'b'], { d2: 4 }) === obj1","// -- // true","// -- ```","function mergeIn(a, path, b, c, d, e, f) {","  var prevVal = getIn(a, path);","  if (prevVal == null) prevVal = {};","  var nextVal = void 0;","","  for (var _len3 = arguments.length, rest = Array(_len3 > 7 ? _len3 - 7 : 0), _key3 = 7; _key3 < _len3; _key3++) {","    rest[_key3 - 7] = arguments[_key3];","  }","","  if (rest.length) {","    nextVal = doMerge.call.apply(doMerge, [null, false, prevVal, b, c, d, e, f].concat(rest));","  } else {","    nextVal = doMerge(false, prevVal, b, c, d, e, f);","  }","  return setIn(a, path, nextVal);","}","","// -- #### omit()","// -- Returns an object excluding one or several attributes.","// --","// -- Usage: `omit(obj: Object, attrs: Array<string>|string): Object`","//","// -- ```js","// -- obj = { a: 1, b: 2, c: 3, d: 4 }","// -- omit(obj, 'a')","// -- // { b: 2, c: 3, d: 4 }","// -- omit(obj, ['b', 'c'])","// -- // { a: 1, d: 4 }","// --","// -- // The same object is returned if there are no changes:","// -- omit(obj, 'z') === obj1","// -- // true","// -- ```","function omit(obj, attrs) {","  var omitList = Array.isArray(attrs) ? attrs : [attrs];","  var fDoSomething = false;","  for (var i = 0; i < omitList.length; i++) {","    if (hasOwnProperty.call(obj, omitList[i])) {","      fDoSomething = true;","      break;","    }","  }","  if (!fDoSomething) return obj;","  var out = {};","  var keys = Object.keys(obj);","  for (var _i = 0; _i < keys.length; _i++) {","    var key = keys[_i];","    if (omitList.indexOf(key) >= 0) continue;","    out[key] = obj[key];","  }","  return out;","}","","// -- #### addDefaults()","// -- Returns a new object built as follows: `undefined` keys in the first one","// -- are filled in with the corresponding values from the second one","// -- (even if they are `null`).","// --","// -- Usage:","// --","// -- * `addDefaults(obj: Object, defaults: Object): Object`","// -- * `addDefaults(obj: Object, ...defaultObjects: Array<?Object>): Object`","// --","// -- ```js","// -- obj1 = { a: 1, b: 2, c: 3 }","// -- obj2 = { c: 4, d: 5, e: null }","// -- obj3 = addDefaults(obj1, obj2)","// -- // { a: 1, b: 2, c: 3, d: 5, e: null }","// -- obj3 === obj1","// -- // false","// --","// -- // The same object is returned if there are no changes:","// -- addDefaults(obj1, { c: 4 }) === obj1","// -- // true","// -- ```","function addDefaults(a, b, c, d, e, f) {","  for (var _len4 = arguments.length, rest = Array(_len4 > 6 ? _len4 - 6 : 0), _key4 = 6; _key4 < _len4; _key4++) {","    rest[_key4 - 6] = arguments[_key4];","  }","","  return rest.length ? doMerge.call.apply(doMerge, [null, true, a, b, c, d, e, f].concat(rest)) : doMerge(true, a, b, c, d, e, f);","}","","// ===============================================","// ### Public API","// ===============================================","var timm = {","  clone: clone,","  addLast: addLast,","  addFirst: addFirst,","  removeLast: removeLast,","  removeFirst: removeFirst,","  insert: insert,","  removeAt: removeAt,","  replaceAt: replaceAt,","","  getIn: getIn,","  // eslint-disable-next-line object-shorthand","  set: set, // so that flow doesn't complain","  setIn: setIn,","  updateIn: updateIn,","  merge: merge,","  mergeIn: mergeIn,","  omit: omit,","  addDefaults: addDefaults","};","","exports.default = timm;",""],"l":{"3":1,"7":1,"9":1,"10":1,"11":1,"12":1,"13":1,"14":1,"15":1,"16":1,"17":1,"18":1,"19":1,"20":1,"21":1,"22":1,"23":1,"24":1,"36":1,"43":1,"44":0,"47":1,"49":1,"50":0,"51":0,"52":0,"53":0,"54":0,"55":0,"57":0,"60":1,"61":0,"62":0,"63":0,"65":0,"66":0,"69":0,"70":0,"71":0,"72":0,"73":0,"74":0,"75":0,"76":0,"77":0,"78":0,"79":0,"80":0,"81":0,"83":0,"86":0,"89":1,"90":0,"91":0,"122":1,"123":0,"124":0,"141":1,"142":0,"143":0,"163":1,"164":0,"165":0,"185":1,"186":0,"187":0,"205":1,"206":0,"226":1,"227":0,"228":0,"250":1,"251":0,"253":0,"254":0,"255":0,"256":0,"258":0,"259":0,"285":1,"286":0,"287":0,"288":0,"289":0,"290":0,"291":0,"292":0,"294":0,"315":1,"316":0,"317":0,"318":0,"319":0,"320":0,"321":0,"361":1,"362":0,"363":0,"364":0,"365":0,"367":0,"368":0,"370":0,"373":1,"374":0,"375":0,"400":1,"401":0,"402":0,"403":0,"437":1,"438":0,"439":0,"442":0,"467":1,"468":0,"469":0,"470":0,"472":0,"473":0,"476":0,"477":0,"479":0,"481":0,"500":1,"501":0,"502":0,"503":0,"504":0,"505":0,"506":0,"509":0,"510":0,"511":0,"512":0,"513":0,"514":0,"515":0,"517":0,"542":1,"543":0,"544":0,"547":0,"553":1,"574":1}}}